0 silly argv {
0 silly argv   _: [ 'run' ],
0 silly argv   since: '',
0 silly argv   lernaVersion: '8.1.2',
0 silly argv   '$0': 'node_modules/.bin/lerna',
0 silly argv   script: 'build:publish'
0 silly argv }
1 notice cli v8.1.2
2 verbose packageConfigs Explicit "packages" configuration found in lerna.json. Resolving packages using the configured glob(s): ["packages/*"]
3 verbose rootPath /home/node/app/fireman
4 error Error: Unable to create nodes for packages/@common/package.json using plugin nx/core/package-json-workspaces.
4 error
4 error 	 Inner Error: Error: ColonExpected in /home/node/app/fireman/packages/@common/package.json at 30:3
4 error   28 |   "dependencies": {
4 error   29 |     "@fireman/auth"
4 error > 30 |   },
4 error      |   ^
4 error   31 |   "author": "",
4 error   32 |   "license": "ISC"
4 error   33 | }
4 error
4 error     at parseJson (/home/node/app/fireman/node_modules/nx/src/utils/json.js:25:15)
4 error     at readJsonFile (/home/node/app/fireman/node_modules/nx/src/utils/fileutils.js:22:37)
4 error     at createNodeFromPackageJson (/home/node/app/fireman/node_modules/nx/src/plugins/package-json-workspaces/create-nodes.js:47:47)
4 error     at createNodes (/home/node/app/fireman/node_modules/nx/src/plugins/package-json-workspaces/create-nodes.js:37:28)
4 error     at buildProjectsConfigurationsFromProjectPathsAndPlugins (/home/node/app/fireman/node_modules/nx/src/project-graph/utils/project-configuration-utils.js:148:29)
4 error     at createProjectConfigurations (/home/node/app/fireman/node_modules/nx/src/project-graph/utils/retrieve-workspace-files.js:89:156)
4 error     at _retrieveProjectConfigurations (/home/node/app/fireman/node_modules/nx/src/project-graph/utils/retrieve-workspace-files.js:61:12)
4 error     at retrieveProjectConfigurations (/home/node/app/fireman/node_modules/nx/src/project-graph/utils/retrieve-workspace-files.js:46:12)
4 error     at process.processTicksAndRejections (node:internal/process/task_queues:95:5)
4 error     at async buildProjectGraphAndSourceMapsWithoutDaemon (/home/node/app/fireman/node_modules/nx/src/project-graph/project-graph.js:71:69)
4 error     at buildProjectsConfigurationsFromProjectPathsAndPlugins (/home/node/app/fireman/node_modules/nx/src/project-graph/utils/project-configuration-utils.js:175:27)
4 error     at createProjectConfigurations (/home/node/app/fireman/node_modules/nx/src/project-graph/utils/retrieve-workspace-files.js:89:156)
4 error     at _retrieveProjectConfigurations (/home/node/app/fireman/node_modules/nx/src/project-graph/utils/retrieve-workspace-files.js:61:12)
4 error     at retrieveProjectConfigurations (/home/node/app/fireman/node_modules/nx/src/project-graph/utils/retrieve-workspace-files.js:46:12)
4 error     at process.processTicksAndRejections (node:internal/process/task_queues:95:5)
4 error     at async buildProjectGraphAndSourceMapsWithoutDaemon (/home/node/app/fireman/node_modules/nx/src/project-graph/project-graph.js:71:69)
4 error     at async createProjectGraphAndSourceMapsAsync (/home/node/app/fireman/node_modules/nx/src/project-graph/project-graph.js:136:25)
4 error     at async createProjectGraphAsync (/home/node/app/fireman/node_modules/nx/src/project-graph/project-graph.js:125:39)
4 error     at async detectProjects (/home/node/app/fireman/node_modules/lerna/dist/index.js:1563:25)
